TN:
SF:src\helpers\user.ts
FN:4,(anonymous_0)
FNF:1
FNH:1
FNDA:12,(anonymous_0)
DA:4,3
DA:5,12
DA:6,12
DA:7,3
DA:9,9
LF:5
LH:5
BRDA:6,0,0,3
BRDA:6,0,1,9
BRF:2
BRH:2
end_of_record
TN:
SF:src\helpers\validation.ts
FN:4,(anonymous_0)
FN:5,(anonymous_1)
FN:7,(anonymous_2)
FN:23,(anonymous_3)
FNF:4
FNH:4
FNDA:6,(anonymous_0)
FNDA:6,(anonymous_1)
FNDA:71,(anonymous_2)
FNDA:63,(anonymous_3)
DA:4,3
DA:5,6
DA:7,3
DA:12,71
DA:13,71
DA:14,6
DA:16,65
DA:19,3
DA:23,3
DA:24,63
DA:25,63
DA:26,4
DA:28,59
LF:13
LH:13
BRDA:13,0,0,6
BRDA:13,0,1,65
BRDA:25,1,0,4
BRDA:25,1,1,59
BRF:4
BRH:4
end_of_record
TN:
SF:src\schemas\posts.ts
FN:27,(anonymous_0)
FNF:1
FNH:1
FNDA:2,(anonymous_0)
DA:3,3
DA:8,3
DA:12,3
DA:18,3
DA:27,2
LF:5
LH:5
BRF:0
BRH:0
end_of_record
TN:
SF:src\schemas\tasks.ts
FN:3,(anonymous_0)
FN:9,(anonymous_1)
FN:23,(anonymous_2)
FN:35,(anonymous_3)
FN:38,(anonymous_4)
FN:39,(anonymous_5)
FN:46,(anonymous_6)
FN:49,(anonymous_7)
FN:50,(anonymous_8)
FN:56,(anonymous_9)
FN:63,(anonymous_10)
FNF:11
FNH:11
FNDA:3,(anonymous_0)
FNDA:3,(anonymous_1)
FNDA:17,(anonymous_2)
FNDA:5,(anonymous_3)
FNDA:3,(anonymous_4)
FNDA:3,(anonymous_5)
FNDA:5,(anonymous_6)
FNDA:1,(anonymous_7)
FNDA:1,(anonymous_8)
FNDA:1,(anonymous_9)
FNDA:1,(anonymous_10)
DA:3,3
DA:4,3
DA:5,3
DA:6,3
DA:9,3
DA:10,3
DA:11,3
DA:12,3
DA:15,3
DA:23,17
DA:26,3
DA:31,3
DA:33,3
DA:36,5
DA:38,3
DA:39,3
DA:47,5
DA:49,1
DA:50,1
DA:56,1
DA:63,1
LF:21
LH:21
BRDA:3,0,0,3
BRDA:3,0,1,3
BRDA:9,1,0,3
BRDA:9,1,1,3
BRDA:23,2,0,10
BRDA:23,2,1,7
BRF:6
BRH:6
end_of_record
TN:
SF:src\schemas\users.ts
FN:15,(anonymous_0)
FN:18,(anonymous_1)
FNF:2
FNH:2
FNDA:3,(anonymous_0)
FNDA:2,(anonymous_1)
DA:3,3
DA:9,3
DA:11,3
DA:15,3
DA:18,2
DA:20,3
DA:22,3
LF:7
LH:7
BRDA:15,0,0,3
BRDA:15,0,1,2
BRF:2
BRH:2
end_of_record
TN:
SF:src\services\posts.ts
FN:9,(anonymous_0)
FN:31,(anonymous_1)
FN:38,(anonymous_2)
FN:44,(anonymous_3)
FN:60,(anonymous_4)
FNF:5
FNH:5
FNDA:4,(anonymous_0)
FNDA:6,(anonymous_1)
FNDA:1,(anonymous_2)
FNDA:4,(anonymous_3)
FNDA:6,(anonymous_4)
DA:9,3
DA:10,4
DA:11,4
DA:12,2
DA:14,4
DA:15,2
DA:17,4
DA:18,2
DA:20,4
DA:31,3
DA:32,6
DA:33,5
DA:34,5
DA:35,5
DA:38,3
DA:39,1
DA:44,3
DA:49,4
DA:50,4
DA:51,3
DA:52,1
DA:54,2
DA:55,2
DA:60,3
DA:61,6
DA:62,6
LF:26
LH:26
BRDA:11,0,0,2
BRDA:11,0,1,2
BRDA:14,1,0,2
BRDA:14,1,1,2
BRDA:17,2,0,2
BRDA:17,2,1,2
BRDA:50,3,0,1
BRDA:50,3,1,3
BRDA:51,4,0,1
BRDA:51,4,1,2
BRF:10
BRH:10
end_of_record
TN:
SF:src\services\tasks.ts
FN:9,(anonymous_0)
FN:35,(anonymous_1)
FN:46,(anonymous_2)
FN:57,(anonymous_3)
FN:72,(anonymous_4)
FNF:5
FNH:5
FNDA:5,(anonymous_0)
FNDA:9,(anonymous_1)
FNDA:2,(anonymous_2)
FNDA:6,(anonymous_3)
FNDA:8,(anonymous_4)
DA:9,3
DA:10,5
DA:11,5
DA:12,2
DA:14,5
DA:15,1
DA:17,5
DA:18,1
DA:20,5
DA:21,1
DA:23,5
DA:35,3
DA:36,9
DA:37,3
DA:39,8
DA:40,8
DA:43,8
DA:46,3
DA:47,2
DA:57,3
DA:61,6
DA:62,6
DA:63,5
DA:64,3
DA:66,4
DA:67,4
DA:72,3
DA:73,8
DA:74,8
LF:29
LH:29
BRDA:11,0,0,2
BRDA:11,0,1,3
BRDA:14,1,0,1
BRDA:14,1,1,4
BRDA:17,2,0,1
BRDA:17,2,1,4
BRDA:20,3,0,1
BRDA:20,3,1,4
BRDA:36,4,0,3
BRDA:36,4,1,6
BRDA:62,5,0,1
BRDA:62,5,1,5
BRDA:63,6,0,3
BRDA:63,6,1,2
BRF:14
BRH:14
end_of_record
TN:
SF:src\services\users.ts
FN:9,(anonymous_0)
FN:23,(anonymous_1)
FN:34,(anonymous_2)
FN:39,(anonymous_3)
FN:52,(anonymous_4)
FN:61,(anonymous_5)
FNF:6
FNH:6
FNDA:4,(anonymous_0)
FNDA:22,(anonymous_1)
FNDA:21,(anonymous_2)
FNDA:2,(anonymous_3)
FNDA:3,(anonymous_4)
FNDA:21,(anonymous_5)
DA:9,3
DA:10,4
DA:11,4
DA:12,2
DA:14,4
DA:15,2
DA:17,4
DA:18,2
DA:20,4
DA:23,3
DA:24,22
DA:25,22
DA:26,1
DA:28,22
DA:29,22
DA:30,2
DA:34,3
DA:35,21
DA:36,20
DA:39,3
DA:40,2
DA:52,3
DA:53,3
DA:54,3
DA:55,2
DA:56,1
DA:58,1
DA:61,3
DA:62,21
DA:63,21
LF:30
LH:30
BRDA:11,0,0,2
BRDA:11,0,1,2
BRDA:14,1,0,2
BRDA:14,1,1,2
BRDA:17,2,0,2
BRDA:17,2,1,2
BRDA:25,3,0,1
BRDA:25,3,1,21
BRDA:29,4,0,2
BRDA:29,4,1,20
BRDA:54,5,0,1
BRDA:54,5,1,2
BRDA:55,6,0,1
BRDA:55,6,1,1
BRF:14
BRH:14
end_of_record
